This file contains any messages produced by compilers while
running configure, to aid debugging if configure makes a mistake.

It was created by Snes9x configure 1.53, which was
generated by GNU Autoconf 2.67.  Invocation command line was

  $ ./configure --disable-gzip --disable-jma --disable-zip --disable-screenshot --disable-gamepad --disable-sound

## --------- ##
## Platform. ##
## --------- ##

hostname = tjw-pc
uname -m = x86_64
uname -r = 3.2.0-25-generic
uname -s = Linux
uname -v = #40-Ubuntu SMP Wed May 23 20:30:51 UTC 2012

/usr/bin/uname -p = unknown
/bin/uname -X     = unknown

/bin/arch              = unknown
/usr/bin/arch -k       = unknown
/usr/convex/getsysinfo = unknown
/usr/bin/hostinfo      = unknown
/bin/machine           = unknown
/usr/bin/oslevel       = unknown
/bin/universe          = unknown

PATH: /home/tjw/bin
PATH: /usr/local/bin
PATH: /usr/bin
PATH: /bin
PATH: /usr/games
PATH: /usr/local/lib/FSharpPowerPack-2.0.0/bin


## ----------- ##
## Core tests. ##
## ----------- ##

configure:2185: checking build system type
configure:2199: result: x86_64-unknown-linux-gnu
configure:2219: checking host system type
configure:2232: result: x86_64-unknown-linux-gnu
configure:2252: checking target system type
configure:2265: result: x86_64-unknown-linux-gnu
configure:2340: checking for gcc
configure:2356: found /usr/bin/gcc
configure:2367: result: gcc
configure:2596: checking for C compiler version
configure:2605: gcc --version >&5
gcc (Ubuntu/Linaro 4.6.3-1ubuntu5) 4.6.3
Copyright (C) 2011 Free Software Foundation, Inc.
This is free software; see the source for copying conditions.  There is NO
warranty; not even for MERCHANTABILITY or FITNESS FOR A PARTICULAR PURPOSE.

configure:2616: $? = 0
configure:2605: gcc -v >&5
Using built-in specs.
COLLECT_GCC=gcc
COLLECT_LTO_WRAPPER=/usr/lib/gcc/x86_64-linux-gnu/4.6/lto-wrapper
Target: x86_64-linux-gnu
Configured with: ../src/configure -v --with-pkgversion='Ubuntu/Linaro 4.6.3-1ubuntu5' --with-bugurl=file:///usr/share/doc/gcc-4.6/README.Bugs --enable-languages=c,c++,fortran,objc,obj-c++ --prefix=/usr --program-suffix=-4.6 --enable-shared --enable-linker-build-id --with-system-zlib --libexecdir=/usr/lib --without-included-gettext --enable-threads=posix --with-gxx-include-dir=/usr/include/c++/4.6 --libdir=/usr/lib --enable-nls --with-sysroot=/ --enable-clocale=gnu --enable-libstdcxx-debug --enable-libstdcxx-time=yes --enable-gnu-unique-object --enable-plugin --enable-objc-gc --disable-werror --with-arch-32=i686 --with-tune=generic --enable-checking=release --build=x86_64-linux-gnu --host=x86_64-linux-gnu --target=x86_64-linux-gnu
Thread model: posix
gcc version 4.6.3 (Ubuntu/Linaro 4.6.3-1ubuntu5) 
configure:2616: $? = 0
configure:2605: gcc -V >&5
gcc: error: unrecognized option '-V'
gcc: fatal error: no input files
compilation terminated.
configure:2616: $? = 4
configure:2605: gcc -qversion >&5
gcc: error: unrecognized option '-qversion'
gcc: fatal error: no input files
compilation terminated.
configure:2616: $? = 4
configure:2636: checking whether the C compiler works
configure:2658: gcc    conftest.c  >&5
configure:2662: $? = 0
configure:2710: result: yes
configure:2713: checking for C compiler default output file name
configure:2715: result: a.out
configure:2721: checking for suffix of executables
configure:2728: gcc -o conftest    conftest.c  >&5
configure:2732: $? = 0
configure:2754: result: 
configure:2776: checking whether we are cross compiling
configure:2784: gcc -o conftest    conftest.c  >&5
configure:2788: $? = 0
configure:2795: ./conftest
configure:2799: $? = 0
configure:2814: result: no
configure:2819: checking for suffix of object files
configure:2841: gcc -c   conftest.c >&5
configure:2845: $? = 0
configure:2866: result: o
configure:2870: checking whether we are using the GNU C compiler
configure:2889: gcc -c   conftest.c >&5
configure:2889: $? = 0
configure:2898: result: yes
configure:2907: checking whether gcc accepts -g
configure:2927: gcc -c -g  conftest.c >&5
configure:2927: $? = 0
configure:2968: result: yes
configure:2985: checking for gcc option to accept ISO C89
configure:3049: gcc  -c -g -O2  conftest.c >&5
configure:3049: $? = 0
configure:3062: result: none needed
configure:3140: checking for g++
configure:3156: found /usr/bin/g++
configure:3167: result: g++
configure:3194: checking for C++ compiler version
configure:3203: g++ --version >&5
g++ (Ubuntu/Linaro 4.6.3-1ubuntu5) 4.6.3
Copyright (C) 2011 Free Software Foundation, Inc.
This is free software; see the source for copying conditions.  There is NO
warranty; not even for MERCHANTABILITY or FITNESS FOR A PARTICULAR PURPOSE.

configure:3214: $? = 0
configure:3203: g++ -v >&5
Using built-in specs.
COLLECT_GCC=g++
COLLECT_LTO_WRAPPER=/usr/lib/gcc/x86_64-linux-gnu/4.6/lto-wrapper
Target: x86_64-linux-gnu
Configured with: ../src/configure -v --with-pkgversion='Ubuntu/Linaro 4.6.3-1ubuntu5' --with-bugurl=file:///usr/share/doc/gcc-4.6/README.Bugs --enable-languages=c,c++,fortran,objc,obj-c++ --prefix=/usr --program-suffix=-4.6 --enable-shared --enable-linker-build-id --with-system-zlib --libexecdir=/usr/lib --without-included-gettext --enable-threads=posix --with-gxx-include-dir=/usr/include/c++/4.6 --libdir=/usr/lib --enable-nls --with-sysroot=/ --enable-clocale=gnu --enable-libstdcxx-debug --enable-libstdcxx-time=yes --enable-gnu-unique-object --enable-plugin --enable-objc-gc --disable-werror --with-arch-32=i686 --with-tune=generic --enable-checking=release --build=x86_64-linux-gnu --host=x86_64-linux-gnu --target=x86_64-linux-gnu
Thread model: posix
gcc version 4.6.3 (Ubuntu/Linaro 4.6.3-1ubuntu5) 
configure:3214: $? = 0
configure:3203: g++ -V >&5
g++: error: unrecognized option '-V'
g++: fatal error: no input files
compilation terminated.
configure:3214: $? = 4
configure:3203: g++ -qversion >&5
g++: error: unrecognized option '-qversion'
g++: fatal error: no input files
compilation terminated.
configure:3214: $? = 4
configure:3218: checking whether we are using the GNU C++ compiler
configure:3237: g++ -c   conftest.cpp >&5
configure:3237: $? = 0
configure:3246: result: yes
configure:3255: checking whether g++ accepts -g
configure:3275: g++ -c -g  conftest.cpp >&5
configure:3275: $? = 0
configure:3316: result: yes
configure:3500: checking whether g++ accepts -O3
configure:3533: g++ -o conftest   -O3   conftest.cpp  >&5
configure:3533: $? = 0
configure:3533: ./conftest
configure:3533: $? = 0
configure:3550: result: yes
configure:3677: checking whether g++ accepts -fomit-frame-pointer
configure:3710: g++ -o conftest   -fomit-frame-pointer   conftest.cpp  >&5
configure:3710: $? = 0
configure:3710: ./conftest
configure:3710: $? = 0
configure:3727: result: yes
configure:3933: checking whether g++ accepts -fno-exceptions
configure:3966: g++ -o conftest   -fno-exceptions   conftest.cpp  >&5
configure:3966: $? = 0
configure:3966: ./conftest
configure:3966: $? = 0
configure:3983: result: yes
configure:3992: checking whether g++ accepts -fno-rtti
configure:4025: g++ -o conftest   -fno-rtti   conftest.cpp  >&5
configure:4025: $? = 0
configure:4025: ./conftest
configure:4025: $? = 0
configure:4042: result: yes
configure:4051: checking whether g++ accepts -pedantic
configure:4084: g++ -o conftest   -pedantic   conftest.cpp  >&5
configure:4084: $? = 0
configure:4084: ./conftest
configure:4084: $? = 0
configure:4101: result: yes
configure:4110: checking whether g++ accepts -Wall
configure:4143: g++ -o conftest   -Wall   conftest.cpp  >&5
configure:4143: $? = 0
configure:4143: ./conftest
configure:4143: $? = 0
configure:4160: result: yes
configure:4169: checking whether g++ accepts -W
configure:4202: g++ -o conftest   -W   conftest.cpp  >&5
configure:4202: $? = 0
configure:4202: ./conftest
configure:4202: $? = 0
configure:4219: result: yes
configure:4228: checking whether g++ accepts -Wno-unused-parameter
configure:4261: g++ -o conftest   -Wno-unused-parameter   conftest.cpp  >&5
configure:4261: $? = 0
configure:4261: ./conftest
configure:4261: $? = 0
configure:4278: result: yes
configure:4328: checking how to run the C++ preprocessor
configure:4355: g++ -E  conftest.cpp
configure:4355: $? = 0
configure:4369: g++ -E  conftest.cpp
conftest.cpp:9:28: fatal error: ac_nonexistent.h: No such file or directory
compilation terminated.
configure:4369: $? = 1
configure: failed program was:
| /* confdefs.h */
| #define PACKAGE_NAME "Snes9x"
| #define PACKAGE_TARNAME "snes9x"
| #define PACKAGE_VERSION "1.53"
| #define PACKAGE_STRING "Snes9x 1.53"
| #define PACKAGE_BUGREPORT ""
| #define PACKAGE_URL ""
| /* end confdefs.h.  */
| #include <ac_nonexistent.h>
configure:4394: result: g++ -E
configure:4414: g++ -E  conftest.cpp
configure:4414: $? = 0
configure:4428: g++ -E  conftest.cpp
conftest.cpp:9:28: fatal error: ac_nonexistent.h: No such file or directory
compilation terminated.
configure:4428: $? = 1
configure: failed program was:
| /* confdefs.h */
| #define PACKAGE_NAME "Snes9x"
| #define PACKAGE_TARNAME "snes9x"
| #define PACKAGE_VERSION "1.53"
| #define PACKAGE_STRING "Snes9x 1.53"
| #define PACKAGE_BUGREPORT ""
| #define PACKAGE_URL ""
| /* end confdefs.h.  */
| #include <ac_nonexistent.h>
configure:4457: checking for grep that handles long lines and -e
configure:4515: result: /bin/grep
configure:4520: checking for egrep
configure:4582: result: /bin/grep -E
configure:4587: checking for ANSI C header files
configure:4607: g++ -c    conftest.cpp >&5
configure:4607: $? = 0
configure:4680: g++ -o conftest     conftest.cpp  >&5
configure:4680: $? = 0
configure:4680: ./conftest
configure:4680: $? = 0
configure:4691: result: yes
configure:4704: checking for sys/types.h
configure:4704: g++ -c    conftest.cpp >&5
configure:4704: $? = 0
configure:4704: result: yes
configure:4704: checking for sys/stat.h
configure:4704: g++ -c    conftest.cpp >&5
configure:4704: $? = 0
configure:4704: result: yes
configure:4704: checking for stdlib.h
configure:4704: g++ -c    conftest.cpp >&5
configure:4704: $? = 0
configure:4704: result: yes
configure:4704: checking for string.h
configure:4704: g++ -c    conftest.cpp >&5
configure:4704: $? = 0
configure:4704: result: yes
configure:4704: checking for memory.h
configure:4704: g++ -c    conftest.cpp >&5
configure:4704: $? = 0
configure:4704: result: yes
configure:4704: checking for strings.h
configure:4704: g++ -c    conftest.cpp >&5
configure:4704: $? = 0
configure:4704: result: yes
configure:4704: checking for inttypes.h
configure:4704: g++ -c    conftest.cpp >&5
configure:4704: $? = 0
configure:4704: result: yes
configure:4704: checking for stdint.h
configure:4704: g++ -c    conftest.cpp >&5
configure:4704: $? = 0
configure:4704: result: yes
configure:4704: checking for unistd.h
configure:4704: g++ -c    conftest.cpp >&5
configure:4704: $? = 0
configure:4704: result: yes
configure:4720: checking zlib.h usability
configure:4720: g++ -c    conftest.cpp >&5
configure:4720: $? = 0
configure:4720: result: yes
configure:4720: checking zlib.h presence
configure:4720: g++ -E  conftest.cpp
configure:4720: $? = 0
configure:4720: result: yes
configure:4720: checking for zlib.h
configure:4720: result: yes
configure:4722: checking for gzread in -lz
configure:4747: g++ -o conftest     conftest.cpp -lz   >&5
configure:4747: $? = 0
configure:4756: result: yes
configure:4841: checking png.h usability
configure:4841: g++ -c    conftest.cpp >&5
configure:4841: $? = 0
configure:4841: result: yes
configure:4841: checking png.h presence
configure:4841: g++ -E  conftest.cpp
configure:4841: $? = 0
configure:4841: result: yes
configure:4841: checking for png.h
configure:4841: result: yes
configure:4843: checking for png_init_io in -lpng
configure:4868: g++ -o conftest     conftest.cpp -lpng   >&5
configure:4868: $? = 0
configure:4877: result: yes
configure:4915: checking for mkstemp
configure:4915: g++ -o conftest     conftest.cpp  >&5
configure:4915: $? = 0
configure:4915: result: yes
configure:4929: checking SDL/SDL.h usability
configure:4929: g++ -c    conftest.cpp >&5
configure:4929: $? = 0
configure:4929: result: yes
configure:4929: checking SDL/SDL.h presence
configure:4929: g++ -E  conftest.cpp
configure:4929: $? = 0
configure:4929: result: yes
configure:4929: checking for SDL/SDL.h
configure:4929: result: yes
configure:4931: checking for SDL_Init in -lSDL
configure:4956: g++ -o conftest     conftest.cpp -lSDL   >&5
configure:4956: $? = 0
configure:4965: result: yes
configure:4998: checking for strings.h
configure:4998: result: yes
configure:5007: checking sys/ioctl.h usability
configure:5007: g++ -c    conftest.cpp >&5
configure:5007: $? = 0
configure:5007: result: yes
configure:5007: checking sys/ioctl.h presence
configure:5007: g++ -E  conftest.cpp
configure:5007: $? = 0
configure:5007: result: yes
configure:5007: checking for sys/ioctl.h
configure:5007: result: yes
configure:5016: checking for stdint.h
configure:5016: result: yes
configure:5029: checking for unistd.h
configure:5029: result: yes
configure:5029: checking sys/socket.h usability
configure:5029: g++ -c    conftest.cpp >&5
configure:5029: $? = 0
configure:5029: result: yes
configure:5029: checking sys/socket.h presence
configure:5029: g++ -E  conftest.cpp
configure:5029: $? = 0
configure:5029: result: yes
configure:5029: checking for sys/socket.h
configure:5029: result: yes
configure:5086: checking whether right shift int8 is arithmetic
configure:5128: g++ -o conftest   -DHAVE_STDINT_H   conftest.cpp  >&5
configure:5128: $? = 0
configure:5128: ./conftest
configure:5128: $? = 0
configure:5145: result: yes
configure:5150: checking whether right shift int16 is arithmetic
configure:5192: g++ -o conftest   -DHAVE_STDINT_H   conftest.cpp  >&5
configure:5192: $? = 0
configure:5192: ./conftest
configure:5192: $? = 0
configure:5209: result: yes
configure:5214: checking whether right shift int32 is arithmetic
configure:5256: g++ -o conftest   -DHAVE_STDINT_H   conftest.cpp  >&5
configure:5256: $? = 0
configure:5256: ./conftest
configure:5256: $? = 0
configure:5273: result: yes
configure:5278: checking whether right shift int64 is arithmetic
configure:5320: g++ -o conftest   -DHAVE_STDINT_H   conftest.cpp  >&5
configure:5320: $? = 0
configure:5320: ./conftest
configure:5320: $? = 0
configure:5337: result: yes
configure:5534: creating ./config.status

## ---------------------- ##
## Running config.status. ##
## ---------------------- ##

This file was extended by Snes9x config.status 1.53, which was
generated by GNU Autoconf 2.67.  Invocation command line was

  CONFIG_FILES    = 
  CONFIG_HEADERS  = 
  CONFIG_LINKS    = 
  CONFIG_COMMANDS = 
  $ ./config.status 

on tjw-pc

config.status:754: creating Makefile
configure:6543: WARNING: unrecognized options: --disable-gamepad, --disable-sound

## ---------------- ##
## Cache variables. ##
## ---------------- ##

ac_cv_build=x86_64-unknown-linux-gnu
ac_cv_c_compiler_gnu=yes
ac_cv_cxx_compiler_gnu=yes
ac_cv_env_CCC_set=
ac_cv_env_CCC_value=
ac_cv_env_CC_set=
ac_cv_env_CC_value=
ac_cv_env_CFLAGS_set=
ac_cv_env_CFLAGS_value=
ac_cv_env_CPPFLAGS_set=
ac_cv_env_CPPFLAGS_value=
ac_cv_env_CXXCPP_set=
ac_cv_env_CXXCPP_value=
ac_cv_env_CXXFLAGS_set=
ac_cv_env_CXXFLAGS_value=
ac_cv_env_CXX_set=
ac_cv_env_CXX_value=
ac_cv_env_LDFLAGS_set=
ac_cv_env_LDFLAGS_value=
ac_cv_env_LIBS_set=
ac_cv_env_LIBS_value=
ac_cv_env_build_alias_set=
ac_cv_env_build_alias_value=
ac_cv_env_host_alias_set=
ac_cv_env_host_alias_value=
ac_cv_env_target_alias_set=
ac_cv_env_target_alias_value=
ac_cv_func_mkstemp=yes
ac_cv_header_SDL_SDL_h=yes
ac_cv_header_inttypes_h=yes
ac_cv_header_memory_h=yes
ac_cv_header_png_h=yes
ac_cv_header_stdc=yes
ac_cv_header_stdint_h=yes
ac_cv_header_stdlib_h=yes
ac_cv_header_string_h=yes
ac_cv_header_strings_h=yes
ac_cv_header_sys_ioctl_h=yes
ac_cv_header_sys_socket_h=yes
ac_cv_header_sys_stat_h=yes
ac_cv_header_sys_types_h=yes
ac_cv_header_unistd_h=yes
ac_cv_header_zlib_h=yes
ac_cv_host=x86_64-unknown-linux-gnu
ac_cv_lib_SDL_SDL_Init=yes
ac_cv_lib_png_png_init_io=yes
ac_cv_lib_z_gzread=yes
ac_cv_objext=o
ac_cv_path_EGREP='/bin/grep -E'
ac_cv_path_GREP=/bin/grep
ac_cv_prog_CXXCPP='g++ -E'
ac_cv_prog_ac_ct_CC=gcc
ac_cv_prog_ac_ct_CXX=g++
ac_cv_prog_cc_c89=
ac_cv_prog_cc_g=yes
ac_cv_prog_cxx_g=yes
ac_cv_target=x86_64-unknown-linux-gnu
snes9x_cv_libpng=yes
snes9x_cv_option_W=yes
snes9x_cv_option_Wall=yes
snes9x_cv_option_Wno_unused_parameter=yes
snes9x_cv_option_no_exceptions=yes
snes9x_cv_option_no_rtti=yes
snes9x_cv_option_o3=yes
snes9x_cv_option_omit_frame_pointer=yes
snes9x_cv_option_pedantic=yes
snes9x_cv_sdl=yes
snes9x_cv_zlib=yes

## ----------------- ##
## Output variables. ##
## ----------------- ##

CC='gcc'
CFLAGS=' '
CPPFLAGS=''
CXX='g++'
CXXCPP='g++ -E'
CXXFLAGS=' '
DEFS='-DPACKAGE_NAME=\"Snes9x\" -DPACKAGE_TARNAME=\"snes9x\" -DPACKAGE_VERSION=\"1.53\" -DPACKAGE_STRING=\"Snes9x\ 1.53\" -DPACKAGE_BUGREPORT=\"\" -DPACKAGE_URL=\"\" -DSTDC_HEADERS=1 -DHAVE_SYS_TYPES_H=1 -DHAVE_SYS_STAT_H=1 -DHAVE_STDLIB_H=1 -DHAVE_STRING_H=1 -DHAVE_MEMORY_H=1 -DHAVE_STRINGS_H=1 -DHAVE_INTTYPES_H=1 -DHAVE_STDINT_H=1 -DHAVE_UNISTD_H=1 -DHAVE_UNISTD_H=1 -DHAVE_SYS_SOCKET_H=1'
ECHO_C=''
ECHO_N='-n'
ECHO_T=''
EGREP='/bin/grep -E'
EXEEXT=''
GREP='/bin/grep'
LDFLAGS=''
LIBOBJS=''
LIBS=''
LTLIBOBJS=''
OBJEXT='o'
PACKAGE_BUGREPORT=''
PACKAGE_NAME='Snes9x'
PACKAGE_STRING='Snes9x 1.53'
PACKAGE_TARNAME='snes9x'
PACKAGE_URL=''
PACKAGE_VERSION='1.53'
PATH_SEPARATOR=':'
S9XDEBUGGER='#S9XDEBUGGER=1'
S9XDEFS='-DHAVE_MKSTEMP -DHAVE_STRINGS_H -DHAVE_SYS_IOCTL_H -DHAVE_STDINT_H -DRIGHTSHIFT_IS_SAR'
S9XFLGS='-O3 -fomit-frame-pointer -fno-exceptions -fno-rtti -pedantic -Wall -W -Wno-unused-parameter -I/usr/include/SDL -D_GNU_SOURCE=1 -D_REENTRANT'
S9XJMA='#S9XJMA=1'
S9XLIBS='-L/usr/lib/x86_64-linux-gnu -lSDL'
S9XNETPLAY='#S9XNETPLAY=1'
S9XZIP='#S9XZIP=1'
SHELL='/bin/bash'
ac_ct_CC='gcc'
ac_ct_CXX='g++'
bindir='${exec_prefix}/bin'
build='x86_64-unknown-linux-gnu'
build_alias=''
build_cpu='x86_64'
build_os='linux-gnu'
build_vendor='unknown'
datadir='${datarootdir}'
datarootdir='${prefix}/share'
docdir='${datarootdir}/doc/${PACKAGE_TARNAME}'
dvidir='${docdir}'
exec_prefix='${prefix}'
host='x86_64-unknown-linux-gnu'
host_alias=''
host_cpu='x86_64'
host_os='linux-gnu'
host_vendor='unknown'
htmldir='${docdir}'
includedir='${prefix}/include'
infodir='${datarootdir}/info'
libdir='${exec_prefix}/lib'
libexecdir='${exec_prefix}/libexec'
localedir='${datarootdir}/locale'
localstatedir='${prefix}/var'
mandir='${datarootdir}/man'
oldincludedir='/usr/include'
pdfdir='${docdir}'
prefix='/usr/local'
program_transform_name='s,x,x,'
psdir='${docdir}'
sbindir='${exec_prefix}/sbin'
sharedstatedir='${prefix}/com'
sysconfdir='${prefix}/etc'
target='x86_64-unknown-linux-gnu'
target_alias=''
target_cpu='x86_64'
target_os='linux-gnu'
target_vendor='unknown'

## ----------- ##
## confdefs.h. ##
## ----------- ##

/* confdefs.h */
#define PACKAGE_NAME "Snes9x"
#define PACKAGE_TARNAME "snes9x"
#define PACKAGE_VERSION "1.53"
#define PACKAGE_STRING "Snes9x 1.53"
#define PACKAGE_BUGREPORT ""
#define PACKAGE_URL ""
#define STDC_HEADERS 1
#define HAVE_SYS_TYPES_H 1
#define HAVE_SYS_STAT_H 1
#define HAVE_STDLIB_H 1
#define HAVE_STRING_H 1
#define HAVE_MEMORY_H 1
#define HAVE_STRINGS_H 1
#define HAVE_INTTYPES_H 1
#define HAVE_STDINT_H 1
#define HAVE_UNISTD_H 1
#define HAVE_UNISTD_H 1
#define HAVE_SYS_SOCKET_H 1

configure: exit 0
